<?xml version="1.0" encoding="UTF-8"?>
<testng-results ignored="0" total="1" passed="1" failed="0" skipped="0">
  <reporter-output>
  </reporter-output>
  <suite started-at="2021-10-01T12:58:50 PDT" name="Default suite" finished-at="2021-10-01T12:59:01 PDT" duration-ms="11308">
    <groups>
    </groups>
    <test started-at="2021-10-01T12:58:50 PDT" name="Default test" finished-at="2021-10-01T12:59:01 PDT" duration-ms="11308">
      <class name="testNG.SoftAssertClass">
        <test-method signature="testVerifyTitle()[pri:0, instance:testNG.SoftAssertClass@6a370f4]" started-at="2021-10-01T12:58:50 PDT" name="testVerifyTitle" finished-at="2021-10-01T12:59:01 PDT" duration-ms="11242" status="PASS">
          <reporter-output>
          </reporter-output>
        </test-method> <!-- testVerifyTitle -->
      </class> <!-- testNG.SoftAssertClass -->
    </test> <!-- Default test -->
  </suite> <!-- Default suite -->
</testng-results>
